<?xml version="1.0" encoding="UTF-8"?>
<!-- Generated by org.testng.reporters.JUnitXMLReporter -->
<testsuite ignored="0" hostname="DESKTOP-CJEQOGK" failures="0" tests="2" name="FirefoxTest" time="28.67" errors="0" timestamp="2024-10-11T00:33:00 IST">
  <testcase classname="in.amazon.tests.Validate_SignIn" name="@BeforeMethod goToSignInPage" time="16.959">
    <failure type="org.openqa.selenium.interactions.MoveTargetOutOfBoundsException" message="Origin element &amp;lt;span class=&amp;quot;nav-action-inner&amp;quot;&amp;gt; is not displayed
Build info: version: &amp;apos;4.24.0&amp;apos;, revision: &amp;apos;748ffc9bc3&amp;apos;
System info: os.name: &amp;apos;Windows 11&amp;apos;, os.arch: &amp;apos;amd64&amp;apos;, os.version: &amp;apos;10.0&amp;apos;, java.version: &amp;apos;22&amp;apos;
Driver info: org.openqa.selenium.firefox.FirefoxDriver
Command: [11a289a0-369b-4015-b6cf-b05c25d5013f, actions {actions=[org.openqa.selenium.interactions.Sequence@710b30ef]}]
Capabilities {acceptInsecureCerts: true, browserName: firefox, browserVersion: 131.0.2, moz:accessibilityChecks: false, moz:buildID: 20241008210941, moz:debuggerAddress: 127.0.0.1:7134, moz:geckodriverVersion: 0.35.0, moz:headless: false, moz:platformVersion: 10.0, moz:processID: 20588, moz:profile: C:\Users\sanket\AppData\Loc..., moz:shutdownTimeout: 60000, moz:webdriverClick: true, moz:windowless: false, pageLoadStrategy: normal, platformName: windows, proxy: Proxy(), se:cdp: ws://127.0.0.1:7134/devtool..., se:cdpVersion: 85.0, setWindowRect: true, strictFileInteractability: false, timeouts: {implicit: 0, pageLoad: 300000, script: 30000}, unhandledPromptBehavior: dismiss and notify, userAgent: Mozilla/5.0 (Windows NT 10....}
Session ID: 11a289a0-369b-4015-b6cf-b05c25d5013f">
      <![CDATA[org.openqa.selenium.interactions.MoveTargetOutOfBoundsException: Origin element <span class="nav-action-inner"> is not displayed
Build info: version: '4.24.0', revision: '748ffc9bc3'
System info: os.name: 'Windows 11', os.arch: 'amd64', os.version: '10.0', java.version: '22'
Driver info: org.openqa.selenium.firefox.FirefoxDriver
Command: [11a289a0-369b-4015-b6cf-b05c25d5013f, actions {actions=[org.openqa.selenium.interactions.Sequence@710b30ef]}]
Capabilities {acceptInsecureCerts: true, browserName: firefox, browserVersion: 131.0.2, moz:accessibilityChecks: false, moz:buildID: 20241008210941, moz:debuggerAddress: 127.0.0.1:7134, moz:geckodriverVersion: 0.35.0, moz:headless: false, moz:platformVersion: 10.0, moz:processID: 20588, moz:profile: C:\Users\sanket\AppData\Loc..., moz:shutdownTimeout: 60000, moz:webdriverClick: true, moz:windowless: false, pageLoadStrategy: normal, platformName: windows, proxy: Proxy(), se:cdp: ws://127.0.0.1:7134/devtool..., se:cdpVersion: 85.0, setWindowRect: true, strictFileInteractability: false, timeouts: {implicit: 0, pageLoad: 300000, script: 30000}, unhandledPromptBehavior: dismiss and notify, userAgent: Mozilla/5.0 (Windows NT 10....}
Session ID: 11a289a0-369b-4015-b6cf-b05c25d5013f
at org.openqa.selenium.remote.ErrorCodec.decode(ErrorCodec.java:167)
at org.openqa.selenium.remote.codec.w3c.W3CHttpResponseCodec.decode(W3CHttpResponseCodec.java:138)
at org.openqa.selenium.remote.codec.w3c.W3CHttpResponseCodec.decode(W3CHttpResponseCodec.java:50)
at org.openqa.selenium.remote.HttpCommandExecutor.execute(HttpCommandExecutor.java:190)
at org.openqa.selenium.remote.service.DriverCommandExecutor.invokeExecute(DriverCommandExecutor.java:216)
at org.openqa.selenium.remote.service.DriverCommandExecutor.execute(DriverCommandExecutor.java:174)
at org.openqa.selenium.remote.RemoteWebDriver.execute(RemoteWebDriver.java:545)
at org.openqa.selenium.remote.RemoteWebDriver.perform(RemoteWebDriver.java:631)
at org.openqa.selenium.interactions.Actions$BuiltAction.perform(Actions.java:613)
at org.openqa.selenium.interactions.Actions.perform(Actions.java:578)
at in.amazon.pages.Homepage.signin(Homepage.java:50)
at in.amazon.tests.Validate_SignIn.goToSignInPage(Validate_SignIn.java:51)
at java.base/java.util.ArrayList.forEach(ArrayList.java:1597)
... Removed 32 stack frames]]>
    </failure>
  </testcase> <!-- @BeforeMethod goToSignInPage -->
  <testcase classname="in.amazon.tests.Validate_SignIn" name="@AfterMethod signOut" time="-1.728586980687E9">
    <skipped/>
  </testcase> <!-- @AfterMethod signOut -->
  <testcase classname="in.amazon.tests.ValidateAddToCart" name="@BeforeClass initializePOM" time="0.006">
    <failure type="java.lang.IllegalArgumentException" message="Driver must be set">
      <![CDATA[java.lang.IllegalArgumentException: Driver must be set
at org.openqa.selenium.internal.Require.nonNull(Require.java:61)
at org.openqa.selenium.interactions.Actions.<init>(Actions.java:64)
at org.openqa.selenium.interactions.Actions.<init>(Actions.java:60)
at in.amazon.pages.Homepage.<init>(Homepage.java:39)
at in.amazon.tests.ValidateAddToCart.initializePOM(ValidateAddToCart.java:53)
at java.base/java.util.ArrayList.forEach(ArrayList.java:1597)
... Removed 23 stack frames]]>
    </failure>
  </testcase> <!-- @BeforeClass initializePOM -->
  <testcase classname="in.amazon.tests.ValidateAddToCart" name="@BeforeMethod signIn" time="-1.728586980717E9">
    <skipped/>
  </testcase> <!-- @BeforeMethod signIn -->
  <testcase classname="in.amazon.tests.ValidateAddToCart" name="@AfterMethod signOutFromApplication" time="-1.728586980721E9">
    <skipped/>
  </testcase> <!-- @AfterMethod signOutFromApplication -->
  <testcase classname="in.amazon.tests.Validate_SignIn" name="@AfterTest closeBrowser" time="-1.72858698073E9">
    <skipped/>
  </testcase> <!-- @AfterTest closeBrowser -->
  <testcase classname="in.amazon.tests.Validate_SignIn" name="verifySignIn" time="0.0">
    <skipped/>
  </testcase> <!-- verifySignIn -->
  <testcase classname="in.amazon.tests.ValidateAddToCart" name="verifyAddToCart" time="0.0">
    <skipped/>
  </testcase> <!-- verifyAddToCart -->
</testsuite> <!-- FirefoxTest -->
