<!DOCTYPE html PUBLIC "-//W3C//DTD XHTML 1.1//EN" "https://www.w3.org/TR/xhtml11/DTD/xhtml11.dtd">
<html xmlns="https://www.w3.org/1999/xhtml">
<head>
<meta http-equiv="content-type" content="text/html; charset=UTF-8"/>
<title>TestNG Report</title>
<style type="text/css">table {margin-bottom:10px;border-collapse:collapse;empty-cells:show}th,td {border:1px solid #009;padding:.25em .5em}th {vertical-align:bottom}td {vertical-align:top}table a {font-weight:bold}.stripe td {background-color: #E6EBF9}.num {text-align:right}.passedodd td {background-color: #3F3}.passedeven td {background-color: #0A0}.skippedodd td {background-color: #DDD}.skippedeven td {background-color: #CCC}.failedodd td,.attn {background-color: #F33}.failedeven td,.stripe .attn {background-color: #D00}.stacktrace {white-space:pre;font-family:monospace}.totop {font-size:85%;text-align:center;border-bottom:2px solid #000}.invisible {display:none}</style>
</head>
<body>
<table>
<tr><th>Test</th><th># Passed</th><th># Skipped</th><th># Retried</th><th># Failed</th><th>Time (ms)</th><th>Included Groups</th><th>Excluded Groups</th></tr>
<tr><th colspan="8">Suite</th></tr>
<tr><td><a href="#t0">ChromeTest</a></td><td class="num">1</td><td class="num attn">1</td><td class="num">0</td><td class="num">0</td><td class="num">35,089</td><td></td><td></td></tr>
<tr class="stripe"><td><a href="#t1">EdgeTest</a></td><td class="num">1</td><td class="num attn">1</td><td class="num">0</td><td class="num">0</td><td class="num">36,731</td><td></td><td></td></tr>
<tr><td><a href="#t2">FirefoxTest</a></td><td class="num">0</td><td class="num attn">2</td><td class="num">0</td><td class="num">0</td><td class="num">28,670</td><td></td><td></td></tr>
<tr><th>Total</th><th class="num">2</th><th class="num attn">4</th><th class="num">0</th><th class="num">0</th><th class="num">100,490</th><th colspan="2"></th></tr>
</table>
<table id='summary'><thead><tr><th>Class</th><th>Method</th><th>Start</th><th>Time (ms)</th></tr></thead><tbody><tr><th colspan="4">Suite</th></tr></tbody><tbody id="t0"><tr><th colspan="4">ChromeTest &#8212; failed (configuration methods)</th></tr><tr class="failedeven"><td rowspan="1">in.amazon.tests.ValidateAddToCart</td><td><a href="#m0">initializePOM</a></td><td rowspan="1">1728586914370</td><td rowspan="1">1</td></tr><tr><th colspan="4">ChromeTest &#8212; skipped (configuration methods)</th></tr><tr class="skippedeven"><td rowspan="2">in.amazon.tests.ValidateAddToCart</td><td><a href="#m1">signIn</a></td><td rowspan="1">1728586914373</td><td rowspan="1">-1728586914373</td></tr><tr class="skippedeven"><td><a href="#m2">signOutFromApplication</a></td><td rowspan="1">1728586914377</td><td rowspan="1">-1728586914377</td></tr><tr><th colspan="4">ChromeTest &#8212; skipped</th></tr><tr class="skippedeven"><td rowspan="1">in.amazon.tests.ValidateAddToCart</td><td><a href="#m3">verifyAddToCart</a></td><td rowspan="1">1728586914375</td><td rowspan="1">0</td></tr><tr><th colspan="4">ChromeTest &#8212; passed</th></tr><tr class="passedeven"><td rowspan="1">in.amazon.tests.Validate_SignIn</td><td><a href="#m4">verifySignIn</a></td><td rowspan="1">1728586905279</td><td rowspan="1">6901</td></tr></tbody>
<tbody id="t1"><tr><th colspan="4">EdgeTest &#8212; failed (configuration methods)</th></tr><tr class="failedeven"><td rowspan="1">in.amazon.tests.ValidateAddToCart</td><td><a href="#m5">initializePOM</a></td><td rowspan="1">1728586947647</td><td rowspan="1">1</td></tr><tr class="failedodd"><td rowspan="1">in.amazon.tests.Validate_SignIn</td><td><a href="#m6">closeBrowser</a></td><td rowspan="1">1728586947663</td><td rowspan="1">4387</td></tr><tr><th colspan="4">EdgeTest &#8212; skipped (configuration methods)</th></tr><tr class="skippedeven"><td rowspan="2">in.amazon.tests.ValidateAddToCart</td><td><a href="#m7">signIn</a></td><td rowspan="1">1728586947654</td><td rowspan="1">-1728586947654</td></tr><tr class="skippedeven"><td><a href="#m8">signOutFromApplication</a></td><td rowspan="1">1728586947660</td><td rowspan="1">-1728586947660</td></tr><tr><th colspan="4">EdgeTest &#8212; skipped</th></tr><tr class="skippedeven"><td rowspan="1">in.amazon.tests.ValidateAddToCart</td><td><a href="#m9">verifyAddToCart</a></td><td rowspan="1">1728586947658</td><td rowspan="1">0</td></tr><tr><th colspan="4">EdgeTest &#8212; passed</th></tr><tr class="passedeven"><td rowspan="1">in.amazon.tests.Validate_SignIn</td><td><a href="#m10">verifySignIn</a></td><td rowspan="1">1728586936714</td><td rowspan="1">2474</td></tr></tbody>
<tbody id="t2"><tr><th colspan="4">FirefoxTest &#8212; failed (configuration methods)</th></tr><tr class="failedeven"><td rowspan="1">in.amazon.tests.ValidateAddToCart</td><td><a href="#m11">initializePOM</a></td><td rowspan="1">1728586980702</td><td rowspan="1">6</td></tr><tr class="failedodd"><td rowspan="1">in.amazon.tests.Validate_SignIn</td><td><a href="#m12">goToSignInPage</a></td><td rowspan="1">1728586963700</td><td rowspan="1">16959</td></tr><tr><th colspan="4">FirefoxTest &#8212; skipped (configuration methods)</th></tr><tr class="skippedeven"><td rowspan="2">in.amazon.tests.ValidateAddToCart</td><td><a href="#m13">signIn</a></td><td rowspan="1">1728586980717</td><td rowspan="1">-1728586980717</td></tr><tr class="skippedeven"><td><a href="#m14">signOutFromApplication</a></td><td rowspan="1">1728586980721</td><td rowspan="1">-1728586980721</td></tr><tr class="skippedodd"><td rowspan="2">in.amazon.tests.Validate_SignIn</td><td><a href="#m15">closeBrowser</a></td><td rowspan="1">1728586980730</td><td rowspan="1">-1728586980730</td></tr><tr class="skippedodd"><td><a href="#m16">signOut</a></td><td rowspan="1">1728586980687</td><td rowspan="1">-1728586980687</td></tr><tr><th colspan="4">FirefoxTest &#8212; skipped</th></tr><tr class="skippedeven"><td rowspan="1">in.amazon.tests.ValidateAddToCart</td><td><a href="#m17">verifyAddToCart</a></td><td rowspan="1">1728586980718</td><td rowspan="1">0</td></tr><tr class="skippedodd"><td rowspan="1">in.amazon.tests.Validate_SignIn</td><td><a href="#m18">verifySignIn</a></td><td rowspan="1">1728586980681</td><td rowspan="1">0</td></tr></tbody>
</table>
<h2>ChromeTest</h2><h3 id="m0">in.amazon.tests.ValidateAddToCart#initializePOM</h3><table class="result"><tr><th>Exception</th></tr><tr><td><div class="stacktrace">java.lang.IllegalArgumentException: Driver must be set
	at org.openqa.selenium.internal.Require.nonNull(Require.java:61)
	at org.openqa.selenium.interactions.Actions.&lt;init&gt;(Actions.java:64)
	at org.openqa.selenium.interactions.Actions.&lt;init&gt;(Actions.java:60)
	at in.amazon.pages.Homepage.&lt;init&gt;(Homepage.java:39)
	at in.amazon.tests.ValidateAddToCart.initializePOM(ValidateAddToCart.java:53)
	at java.base/java.util.ArrayList.forEach(ArrayList.java:1597)
... Removed 23 stack frames</div></td></tr></table><p class="totop"><a href="#summary">back to summary</a></p>
<h3 id="m1">in.amazon.tests.ValidateAddToCart#signIn</h3><table class="result"><tr><th class="invisible"/></tr></table><p class="totop"><a href="#summary">back to summary</a></p>
<h3 id="m2">in.amazon.tests.ValidateAddToCart#signOutFromApplication</h3><table class="result"><tr><th class="invisible"/></tr></table><p class="totop"><a href="#summary">back to summary</a></p>
<h3 id="m3">in.amazon.tests.ValidateAddToCart#verifyAddToCart</h3><table class="result"><tr><th>Exception</th></tr><tr><td><div class="stacktrace">java.lang.IllegalArgumentException: Driver must be set
	at org.openqa.selenium.internal.Require.nonNull(Require.java:61)
	at org.openqa.selenium.interactions.Actions.&lt;init&gt;(Actions.java:64)
	at org.openqa.selenium.interactions.Actions.&lt;init&gt;(Actions.java:60)
	at in.amazon.pages.Homepage.&lt;init&gt;(Homepage.java:39)
	at in.amazon.tests.ValidateAddToCart.initializePOM(ValidateAddToCart.java:53)
	at java.base/java.util.ArrayList.forEach(ArrayList.java:1597)
... Removed 23 stack frames</div></td></tr></table><p class="totop"><a href="#summary">back to summary</a></p>
<h3 id="m4">in.amazon.tests.Validate_SignIn#verifySignIn</h3><table class="result"><tr><th class="invisible"/></tr></table><p class="totop"><a href="#summary">back to summary</a></p>
<h2>EdgeTest</h2><h3 id="m5">in.amazon.tests.ValidateAddToCart#initializePOM</h3><table class="result"><tr><th>Exception</th></tr><tr><td><div class="stacktrace">java.lang.IllegalArgumentException: Driver must be set
	at org.openqa.selenium.internal.Require.nonNull(Require.java:61)
	at org.openqa.selenium.interactions.Actions.&lt;init&gt;(Actions.java:64)
	at org.openqa.selenium.interactions.Actions.&lt;init&gt;(Actions.java:60)
	at in.amazon.pages.Homepage.&lt;init&gt;(Homepage.java:39)
	at in.amazon.tests.ValidateAddToCart.initializePOM(ValidateAddToCart.java:53)
	at java.base/java.util.ArrayList.forEach(ArrayList.java:1597)
... Removed 23 stack frames</div></td></tr></table><p class="totop"><a href="#summary">back to summary</a></p>
<h3 id="m6">in.amazon.tests.Validate_SignIn#closeBrowser</h3><table class="result"><tr><th>Exception</th></tr><tr><td><div class="stacktrace">org.openqa.selenium.WebDriverException: Timed out waiting for driver server to shutdown.
Build info: version: &apos;4.24.0&apos;, revision: &apos;748ffc9bc3&apos;
System info: os.name: &apos;Windows 11&apos;, os.arch: &apos;amd64&apos;, os.version: &apos;10.0&apos;, java.version: &apos;22&apos;
Driver info: org.openqa.selenium.edge.EdgeDriver
Command: [8ee62a1785bb1b24cb5df140709e3302, quit {}]
Capabilities {acceptInsecureCerts: false, browserName: MicrosoftEdge, browserVersion: 129.0.2792.79, fedcm:accounts: true, ms:edgeOptions: {debuggerAddress: localhost:7054}, msedge: {msedgedriverVersion: 129.0.2792.79 (47754e458450..., userDataDir: C:\Users\sanket\AppData\Loc...}, networkConnectionEnabled: false, pageLoadStrategy: normal, platformName: windows, proxy: Proxy(), se:cdp: ws://localhost:7054/devtool..., se:cdpVersion: 129.0.2792.79, setWindowRect: true, strictFileInteractability: false, timeouts: {implicit: 0, pageLoad: 300000, script: 30000}, unhandledPromptBehavior: dismiss and notify, webauthn:extension:credBlob: true, webauthn:extension:largeBlob: true, webauthn:extension:minPinLength: true, webauthn:extension:prf: true, webauthn:virtualAuthenticators: true}
Session ID: 8ee62a1785bb1b24cb5df140709e3302
	at org.openqa.selenium.remote.service.DriverService.stop(DriverService.java:309)
	at org.openqa.selenium.remote.service.DriverCommandExecutor.execute(DriverCommandExecutor.java:161)
	at org.openqa.selenium.remote.RemoteWebDriver.execute(RemoteWebDriver.java:545)
	at org.openqa.selenium.remote.RemoteWebDriver.execute(RemoteWebDriver.java:618)
	at org.openqa.selenium.remote.RemoteWebDriver.execute(RemoteWebDriver.java:622)
	at org.openqa.selenium.remote.RemoteWebDriver.quit(RemoteWebDriver.java:446)
	at org.openqa.selenium.chromium.ChromiumDriver.quit(ChromiumDriver.java:435)
	at in.amazon.tests.Validate_SignIn.closeBrowser(Validate_SignIn.java:70)
Caused by: org.openqa.selenium.net.UrlChecker$TimeoutException: Timed out waiting for http://localhost:38004/shutdown to become unavailable after 3003 ms
	at org.openqa.selenium.net.UrlChecker.waitUntilUnavailable(UrlChecker.java:148)
	at org.openqa.selenium.remote.service.DriverService.stop(DriverService.java:300)
	... 29 more
Caused by: java.util.concurrent.TimeoutException
	at java.base/java.util.concurrent.FutureTask.get(FutureTask.java:204)
	at org.openqa.selenium.net.UrlChecker.waitUntilUnavailable(UrlChecker.java:141)
	... 30 more
... Removed 22 stack frames</div></td></tr></table><p class="totop"><a href="#summary">back to summary</a></p>
<h3 id="m7">in.amazon.tests.ValidateAddToCart#signIn</h3><table class="result"><tr><th class="invisible"/></tr></table><p class="totop"><a href="#summary">back to summary</a></p>
<h3 id="m8">in.amazon.tests.ValidateAddToCart#signOutFromApplication</h3><table class="result"><tr><th class="invisible"/></tr></table><p class="totop"><a href="#summary">back to summary</a></p>
<h3 id="m9">in.amazon.tests.ValidateAddToCart#verifyAddToCart</h3><table class="result"><tr><th>Exception</th></tr><tr><td><div class="stacktrace">java.lang.IllegalArgumentException: Driver must be set
	at org.openqa.selenium.internal.Require.nonNull(Require.java:61)
	at org.openqa.selenium.interactions.Actions.&lt;init&gt;(Actions.java:64)
	at org.openqa.selenium.interactions.Actions.&lt;init&gt;(Actions.java:60)
	at in.amazon.pages.Homepage.&lt;init&gt;(Homepage.java:39)
	at in.amazon.tests.ValidateAddToCart.initializePOM(ValidateAddToCart.java:53)
	at java.base/java.util.ArrayList.forEach(ArrayList.java:1597)
... Removed 23 stack frames</div></td></tr></table><p class="totop"><a href="#summary">back to summary</a></p>
<h3 id="m10">in.amazon.tests.Validate_SignIn#verifySignIn</h3><table class="result"><tr><th class="invisible"/></tr></table><p class="totop"><a href="#summary">back to summary</a></p>
<h2>FirefoxTest</h2><h3 id="m11">in.amazon.tests.ValidateAddToCart#initializePOM</h3><table class="result"><tr><th>Exception</th></tr><tr><td><div class="stacktrace">java.lang.IllegalArgumentException: Driver must be set
	at org.openqa.selenium.internal.Require.nonNull(Require.java:61)
	at org.openqa.selenium.interactions.Actions.&lt;init&gt;(Actions.java:64)
	at org.openqa.selenium.interactions.Actions.&lt;init&gt;(Actions.java:60)
	at in.amazon.pages.Homepage.&lt;init&gt;(Homepage.java:39)
	at in.amazon.tests.ValidateAddToCart.initializePOM(ValidateAddToCart.java:53)
	at java.base/java.util.ArrayList.forEach(ArrayList.java:1597)
... Removed 23 stack frames</div></td></tr></table><p class="totop"><a href="#summary">back to summary</a></p>
<h3 id="m12">in.amazon.tests.Validate_SignIn#goToSignInPage</h3><table class="result"><tr><th>Exception</th></tr><tr><td><div class="stacktrace">org.openqa.selenium.interactions.MoveTargetOutOfBoundsException: Origin element &lt;span class=&quot;nav-action-inner&quot;&gt; is not displayed
Build info: version: &apos;4.24.0&apos;, revision: &apos;748ffc9bc3&apos;
System info: os.name: &apos;Windows 11&apos;, os.arch: &apos;amd64&apos;, os.version: &apos;10.0&apos;, java.version: &apos;22&apos;
Driver info: org.openqa.selenium.firefox.FirefoxDriver
Command: [11a289a0-369b-4015-b6cf-b05c25d5013f, actions {actions=[org.openqa.selenium.interactions.Sequence@710b30ef]}]
Capabilities {acceptInsecureCerts: true, browserName: firefox, browserVersion: 131.0.2, moz:accessibilityChecks: false, moz:buildID: 20241008210941, moz:debuggerAddress: 127.0.0.1:7134, moz:geckodriverVersion: 0.35.0, moz:headless: false, moz:platformVersion: 10.0, moz:processID: 20588, moz:profile: C:\Users\sanket\AppData\Loc..., moz:shutdownTimeout: 60000, moz:webdriverClick: true, moz:windowless: false, pageLoadStrategy: normal, platformName: windows, proxy: Proxy(), se:cdp: ws://127.0.0.1:7134/devtool..., se:cdpVersion: 85.0, setWindowRect: true, strictFileInteractability: false, timeouts: {implicit: 0, pageLoad: 300000, script: 30000}, unhandledPromptBehavior: dismiss and notify, userAgent: Mozilla/5.0 (Windows NT 10....}
Session ID: 11a289a0-369b-4015-b6cf-b05c25d5013f
	at org.openqa.selenium.remote.ErrorCodec.decode(ErrorCodec.java:167)
	at org.openqa.selenium.remote.codec.w3c.W3CHttpResponseCodec.decode(W3CHttpResponseCodec.java:138)
	at org.openqa.selenium.remote.codec.w3c.W3CHttpResponseCodec.decode(W3CHttpResponseCodec.java:50)
	at org.openqa.selenium.remote.HttpCommandExecutor.execute(HttpCommandExecutor.java:190)
	at org.openqa.selenium.remote.service.DriverCommandExecutor.invokeExecute(DriverCommandExecutor.java:216)
	at org.openqa.selenium.remote.service.DriverCommandExecutor.execute(DriverCommandExecutor.java:174)
	at org.openqa.selenium.remote.RemoteWebDriver.execute(RemoteWebDriver.java:545)
	at org.openqa.selenium.remote.RemoteWebDriver.perform(RemoteWebDriver.java:631)
	at org.openqa.selenium.interactions.Actions$BuiltAction.perform(Actions.java:613)
	at org.openqa.selenium.interactions.Actions.perform(Actions.java:578)
	at in.amazon.pages.Homepage.signin(Homepage.java:50)
	at in.amazon.tests.Validate_SignIn.goToSignInPage(Validate_SignIn.java:51)
	at java.base/java.util.ArrayList.forEach(ArrayList.java:1597)
... Removed 32 stack frames</div></td></tr></table><p class="totop"><a href="#summary">back to summary</a></p>
<h3 id="m13">in.amazon.tests.ValidateAddToCart#signIn</h3><table class="result"><tr><th class="invisible"/></tr></table><p class="totop"><a href="#summary">back to summary</a></p>
<h3 id="m14">in.amazon.tests.ValidateAddToCart#signOutFromApplication</h3><table class="result"><tr><th class="invisible"/></tr></table><p class="totop"><a href="#summary">back to summary</a></p>
<h3 id="m15">in.amazon.tests.Validate_SignIn#closeBrowser</h3><table class="result"><tr><th class="invisible"/></tr></table><p class="totop"><a href="#summary">back to summary</a></p>
<h3 id="m16">in.amazon.tests.Validate_SignIn#signOut</h3><table class="result"><tr><th class="invisible"/></tr></table><p class="totop"><a href="#summary">back to summary</a></p>
<h3 id="m17">in.amazon.tests.ValidateAddToCart#verifyAddToCart</h3><table class="result"><tr><th>Exception</th></tr><tr><td><div class="stacktrace">java.lang.IllegalArgumentException: Driver must be set
	at org.openqa.selenium.internal.Require.nonNull(Require.java:61)
	at org.openqa.selenium.interactions.Actions.&lt;init&gt;(Actions.java:64)
	at org.openqa.selenium.interactions.Actions.&lt;init&gt;(Actions.java:60)
	at in.amazon.pages.Homepage.&lt;init&gt;(Homepage.java:39)
	at in.amazon.tests.ValidateAddToCart.initializePOM(ValidateAddToCart.java:53)
	at java.base/java.util.ArrayList.forEach(ArrayList.java:1597)
... Removed 23 stack frames</div></td></tr></table><p class="totop"><a href="#summary">back to summary</a></p>
<h3 id="m18">in.amazon.tests.Validate_SignIn#verifySignIn</h3><table class="result"><tr><th>Exception</th></tr><tr><td><div class="stacktrace">org.openqa.selenium.interactions.MoveTargetOutOfBoundsException: Origin element &lt;span class=&quot;nav-action-inner&quot;&gt; is not displayed
Build info: version: &apos;4.24.0&apos;, revision: &apos;748ffc9bc3&apos;
System info: os.name: &apos;Windows 11&apos;, os.arch: &apos;amd64&apos;, os.version: &apos;10.0&apos;, java.version: &apos;22&apos;
Driver info: org.openqa.selenium.firefox.FirefoxDriver
Command: [11a289a0-369b-4015-b6cf-b05c25d5013f, actions {actions=[org.openqa.selenium.interactions.Sequence@710b30ef]}]
Capabilities {acceptInsecureCerts: true, browserName: firefox, browserVersion: 131.0.2, moz:accessibilityChecks: false, moz:buildID: 20241008210941, moz:debuggerAddress: 127.0.0.1:7134, moz:geckodriverVersion: 0.35.0, moz:headless: false, moz:platformVersion: 10.0, moz:processID: 20588, moz:profile: C:\Users\sanket\AppData\Loc..., moz:shutdownTimeout: 60000, moz:webdriverClick: true, moz:windowless: false, pageLoadStrategy: normal, platformName: windows, proxy: Proxy(), se:cdp: ws://127.0.0.1:7134/devtool..., se:cdpVersion: 85.0, setWindowRect: true, strictFileInteractability: false, timeouts: {implicit: 0, pageLoad: 300000, script: 30000}, unhandledPromptBehavior: dismiss and notify, userAgent: Mozilla/5.0 (Windows NT 10....}
Session ID: 11a289a0-369b-4015-b6cf-b05c25d5013f
	at org.openqa.selenium.remote.ErrorCodec.decode(ErrorCodec.java:167)
	at org.openqa.selenium.remote.codec.w3c.W3CHttpResponseCodec.decode(W3CHttpResponseCodec.java:138)
	at org.openqa.selenium.remote.codec.w3c.W3CHttpResponseCodec.decode(W3CHttpResponseCodec.java:50)
	at org.openqa.selenium.remote.HttpCommandExecutor.execute(HttpCommandExecutor.java:190)
	at org.openqa.selenium.remote.service.DriverCommandExecutor.invokeExecute(DriverCommandExecutor.java:216)
	at org.openqa.selenium.remote.service.DriverCommandExecutor.execute(DriverCommandExecutor.java:174)
	at org.openqa.selenium.remote.RemoteWebDriver.execute(RemoteWebDriver.java:545)
	at org.openqa.selenium.remote.RemoteWebDriver.perform(RemoteWebDriver.java:631)
	at org.openqa.selenium.interactions.Actions$BuiltAction.perform(Actions.java:613)
	at org.openqa.selenium.interactions.Actions.perform(Actions.java:578)
	at in.amazon.pages.Homepage.signin(Homepage.java:50)
	at in.amazon.tests.Validate_SignIn.goToSignInPage(Validate_SignIn.java:51)
	at java.base/java.util.ArrayList.forEach(ArrayList.java:1597)
... Removed 32 stack frames</div></td></tr></table><p class="totop"><a href="#summary">back to summary</a></p>
</body>
</html>
