<?xml version="1.0" encoding="UTF-8"?>
<!-- Generated by org.testng.reporters.JUnitXMLReporter -->
<testsuite ignored="0" hostname="DESKTOP-CJEQOGK" failures="0" tests="1" name="Default test" time="0.054" errors="0" timestamp="2024-10-10T23:29:31 IST">
  <testcase classname="in.amazon.tests.Validate_SignIn" name="@BeforeTest launchBrowser" time="-1.728583171542E9">
    <failure type="org.testng.TestNGException" message="
Can inject only one of &amp;lt;ITestContext, XmlTest&amp;gt; into a @BeforeTest annotated launchBrowser.
For more information on native dependency injection please refer to https://testng.org/doc/documentation-main.html#native-dependency-injection">
      <![CDATA[org.testng.TestNGException: 
Can inject only one of <ITestContext, XmlTest> into a @BeforeTest annotated launchBrowser.
For more information on native dependency injection please refer to https://testng.org/doc/documentation-main.html#native-dependency-injection
at org.testng.internal.Parameters.checkParameterTypes(Parameters.java:439)
at org.testng.internal.Parameters.createParametersForMethod(Parameters.java:353)
at org.testng.internal.Parameters.createParameters(Parameters.java:708)
at org.testng.internal.Parameters.createConfigurationParameters(Parameters.java:168)
at org.testng.internal.ConfigInvoker.invokeConfigurations(ConfigInvoker.java:302)
at org.testng.TestRunner.invokeTestConfigurations(TestRunner.java:637)
at org.testng.TestRunner.beforeRun(TestRunner.java:627)
at org.testng.TestRunner.run(TestRunner.java:589)
at org.testng.SuiteRunner.runTest(SuiteRunner.java:377)
at org.testng.SuiteRunner.runSequentially(SuiteRunner.java:371)
at org.testng.SuiteRunner.privateRun(SuiteRunner.java:332)
at org.testng.SuiteRunner.run(SuiteRunner.java:276)
at org.testng.SuiteRunnerWorker.runSuite(SuiteRunnerWorker.java:53)
at org.testng.SuiteRunnerWorker.run(SuiteRunnerWorker.java:96)
at org.testng.TestNG.runSuitesSequentially(TestNG.java:1212)
at org.testng.TestNG.runSuitesLocally(TestNG.java:1134)
at org.testng.TestNG.runSuites(TestNG.java:1063)
at org.testng.TestNG.run(TestNG.java:1031)
at org.testng.remote.AbstractRemoteTestNG.run(AbstractRemoteTestNG.java:115)
at org.testng.remote.RemoteTestNG.initAndRun(RemoteTestNG.java:293)
at org.testng.remote.RemoteTestNG.main(RemoteTestNG.java:91)
]]>
    </failure>
  </testcase> <!-- @BeforeTest launchBrowser -->
  <testcase classname="in.amazon.tests.Validate_SignIn" name="@BeforeClass initializePOM" time="-1.728583171567E9">
    <skipped/>
  </testcase> <!-- @BeforeClass initializePOM -->
  <testcase classname="in.amazon.tests.Validate_SignIn" name="@BeforeMethod goToSignInPage" time="-1.728583171577E9">
    <skipped/>
  </testcase> <!-- @BeforeMethod goToSignInPage -->
  <testcase classname="in.amazon.tests.Validate_SignIn" name="@AfterMethod signOut" time="-1.728583171584E9">
    <skipped/>
  </testcase> <!-- @AfterMethod signOut -->
  <testcase classname="in.amazon.tests.Validate_SignIn" name="@AfterTest closeBrowser" time="-1.728583171587E9">
    <skipped/>
  </testcase> <!-- @AfterTest closeBrowser -->
  <testcase classname="in.amazon.tests.Validate_SignIn" name="verifySignIn" time="0.0">
    <skipped/>
  </testcase> <!-- verifySignIn -->
</testsuite> <!-- Default test -->
